{"level":"info","message":"👓 Connected to DB","service":"poll-service"}
{"level":"info","message":"👓 Connected to DB","service":"poll-service"}
{"level":"info","message":"👓 Connected to DB","service":"poll-service"}
{"level":"info","message":"👓 Connected to DB","service":"poll-service"}
{"level":"info","message":"👓 Connected to DB","service":"poll-service"}
{"level":"info","message":"👓 Connected to DB","service":"poll-service"}
{"level":"info","message":"👓 Connected to DB","service":"poll-service"}
{"level":"info","message":"👓 Connected to DB","service":"poll-service"}
{"level":"info","message":"👓 Connected to DB","service":"poll-service"}
{"level":"info","message":"👓 Connected to DB","service":"poll-service"}
{"level":"info","message":"The Poll data created successfully!.","service":"poll-service"}
{"level":"info","message":"User with id 664473d80636470751b5dcda successfully deleted.","service":"poll-service"}
{"level":"info","message":"The User data created successfully.","service":"poll-service"}
{"level":"info","message":"The Question data created successfully!.","service":"poll-service"}
{"level":"info","message":"The Poll data created successfully!.","service":"poll-service"}
{"level":"info","message":"User with id 664473d80636470751b5dcda successfully deleted.","service":"poll-service"}
{"level":"info","message":"Get all Users","service":"poll-service"}
{"level":"info","message":"Get all Users","service":"poll-service"}
{"level":"info","message":"User with id 664473d80636470751b5dcda successfully deleted.","service":"poll-service"}
{"level":"info","message":"Get all Users","service":"poll-service"}
{"level":"info","message":"👓 Connected to DB","service":"poll-service"}
{"level":"info","message":"👓 Connected to DB","service":"poll-service"}
{"level":"info","message":"👓 Connected to DB","service":"poll-service"}
{"level":"info","message":"👓 Connected to DB","service":"poll-service"}
{"level":"info","message":"👓 Connected to DB","service":"poll-service"}
{"level":"info","message":"👓 Connected to DB","service":"poll-service"}
{"level":"info","message":"👓 Connected to DB","service":"poll-service"}
{"level":"info","message":"👓 Connected to DB","service":"poll-service"}
{"level":"info","message":"👓 Connected to DB","service":"poll-service"}
{"level":"info","message":"User with id 664473d80636470751b5dcda successfully deleted.","service":"poll-service"}
{"level":"info","message":"Get all Users","service":"poll-service"}
{"level":"info","message":"User with id 6644bdb2bfff287ed00a20f7 successfully deleted.","service":"poll-service"}
{"level":"info","message":"Get all Users","service":"poll-service"}
{"level":"info","message":"The Poll data created successfully!.","service":"poll-service"}
{"level":"info","message":"The User data created successfully.","service":"poll-service"}
{"level":"info","message":"The Question data created successfully!.","service":"poll-service"}
{"level":"info","message":"The Poll data created successfully!.","service":"poll-service"}
{"level":"info","message":"Get all Users","service":"poll-service"}
{"level":"info","message":"User with id 6644c296b7383abfc4752f58 successfully deleted.","service":"poll-service"}
{"level":"info","message":"👓 Connected to DB","service":"poll-service"}
{"level":"info","message":"👓 Connected to DB","service":"poll-service"}
{"level":"info","message":"The User data created successfully.","service":"poll-service"}
{"level":"info","message":"The Poll data created successfully!.","service":"poll-service"}
{"level":"info","message":"👓 Connected to DB","service":"poll-service"}
{"level":"info","message":"👓 Connected to DB","service":"poll-service"}
{"level":"info","message":"👓 Connected to DB","service":"poll-service"}
{"level":"info","message":"Get Questions.","service":"poll-service"}
{"level":"info","message":"👓 Connected to DB","service":"poll-service"}
{"level":"info","message":"Get Questions.","service":"poll-service"}
{"level":"info","message":"Get Questions.","service":"poll-service"}
{"level":"info","message":"Get Questions.","service":"poll-service"}
{"level":"info","message":"Get Questions.","service":"poll-service"}
{"level":"info","message":"Get Questions.","service":"poll-service"}
{"level":"info","message":"Get Questions.","service":"poll-service"}
{"level":"info","message":"Get Questions.","service":"poll-service"}
{"level":"info","message":"Get Questions.","service":"poll-service"}
{"level":"info","message":"Get Questions.","service":"poll-service"}
{"level":"info","message":"Get Questions.","service":"poll-service"}
{"level":"info","message":"Get Questions.","service":"poll-service"}
{"level":"info","message":"Get Questions.","service":"poll-service"}
{"level":"info","message":"Get Questions.","service":"poll-service"}
{"level":"info","message":"Get Questions.","service":"poll-service"}
{"level":"info","message":"Get Questions.","service":"poll-service"}
{"level":"info","message":"Get Questions.","service":"poll-service"}
{"level":"info","message":"The Question data created successfully!.","service":"poll-service"}
{"level":"info","message":"Get Questions.","service":"poll-service"}
{"level":"info","message":"Get Questions.","service":"poll-service"}
{"level":"info","message":"👓 Connected to DB","service":"poll-service"}
{"level":"info","message":"Get Questions.","service":"poll-service"}
{"level":"info","message":"Get Questions.","service":"poll-service"}
{"level":"info","message":"Get Questions.","service":"poll-service"}
{"level":"info","message":"Get Questions.","service":"poll-service"}
{"level":"info","message":"Get Questions.","service":"poll-service"}
{"level":"info","message":"Get Questions.","service":"poll-service"}
{"level":"info","message":"Get Questions.","service":"poll-service"}
{"level":"info","message":"Get Questions.","service":"poll-service"}
{"level":"info","message":"Get Questions.","service":"poll-service"}
{"level":"info","message":"Get Questions.","service":"poll-service"}
{"level":"info","message":"The Question data created successfully!.","service":"poll-service"}
{"level":"info","message":"Get Questions.","service":"poll-service"}
{"level":"info","message":"Get Questions.","service":"poll-service"}
{"level":"info","message":"Get Questions.","service":"poll-service"}
{"level":"info","message":"Get Questions.","service":"poll-service"}
{"level":"info","message":"Get Questions.","service":"poll-service"}
{"level":"info","message":"Get Questions.","service":"poll-service"}
{"level":"info","message":"Get Questions.","service":"poll-service"}
{"level":"info","message":"Get Questions.","service":"poll-service"}
{"level":"info","message":"Get Questions.","service":"poll-service"}
{"level":"info","message":"Get Questions.","service":"poll-service"}
{"level":"info","message":"Get Questions.","service":"poll-service"}
{"level":"info","message":"Get Questions.","service":"poll-service"}
{"level":"info","message":"Get Questions.","service":"poll-service"}
{"level":"info","message":"Get Questions.","service":"poll-service"}
{"level":"info","message":"Get Questions.","service":"poll-service"}
{"level":"info","message":"User successfully registered.","service":"poll-service"}
{"level":"info","message":"Email already exists.","service":"poll-service"}
{"level":"info","message":"Email already exists.","service":"poll-service"}
{"level":"info","message":"User successfully registered.","service":"poll-service"}
{"level":"info","message":"Get My Information","service":"poll-service"}
{"level":"info","message":"Get Questions.","service":"poll-service"}
{"level":"info","message":"Get Questions.","service":"poll-service"}
{"level":"info","message":"Get Questions.","service":"poll-service"}
{"level":"info","message":"Get Questions.","service":"poll-service"}
{"level":"info","message":"Get Questions.","service":"poll-service"}
{"level":"info","message":"Get Questions.","service":"poll-service"}
{"level":"info","message":"Get Questions.","service":"poll-service"}
{"level":"info","message":"Get Questions.","service":"poll-service"}
{"level":"info","message":"Get Questions.","service":"poll-service"}
{"level":"info","message":"Get Questions.","service":"poll-service"}
{"level":"info","message":"Get Questions.","service":"poll-service"}
{"level":"info","message":"Get Questions.","service":"poll-service"}
{"level":"info","message":"Get Questions.","service":"poll-service"}
{"level":"info","message":"Get Questions.","service":"poll-service"}
{"level":"info","message":"Get Questions.","service":"poll-service"}
{"level":"info","message":"Get Questions.","service":"poll-service"}
{"level":"info","message":"Get Questions.","service":"poll-service"}
{"level":"info","message":"Get Questions.","service":"poll-service"}
{"level":"info","message":"Get Questions.","service":"poll-service"}
{"level":"info","message":"Get Questions.","service":"poll-service"}
{"level":"info","message":"Get Questions.","service":"poll-service"}
{"level":"info","message":"👓 Connected to DB","service":"poll-service"}
{"level":"info","message":"👓 Connected to DB","service":"poll-service"}
{"level":"info","message":"Get Questions.","service":"poll-service"}
{"level":"info","message":"Get Questions.","service":"poll-service"}
{"level":"info","message":"Get Questions.","service":"poll-service"}
{"level":"info","message":"Get Questions.","service":"poll-service"}
{"level":"info","message":"Get Questions.","service":"poll-service"}
{"level":"info","message":"Get Questions.","service":"poll-service"}
{"level":"info","message":"Get Questions.","service":"poll-service"}
{"level":"info","message":"Get Questions.","service":"poll-service"}
{"level":"info","message":"Get Questions.","service":"poll-service"}
{"level":"info","message":"👓 Connected to DB","service":"poll-service"}
{"level":"info","message":"Get Questions.","service":"poll-service"}
{"level":"info","message":"The Poll data created successfully!.","service":"poll-service"}
{"level":"info","message":"Get Questions.","service":"poll-service"}
{"level":"info","message":"Get Questions.","service":"poll-service"}
{"level":"info","message":"Get Questions.","service":"poll-service"}
{"level":"info","message":"Get Questions.","service":"poll-service"}
{"level":"info","message":"Get Questions.","service":"poll-service"}
{"level":"info","message":"The Poll data created successfully!.","service":"poll-service"}
{"level":"info","message":"Get Questions.","service":"poll-service"}
{"level":"info","message":"The Poll data created successfully!.","service":"poll-service"}
{"level":"info","message":"👓 Connected to DB","service":"poll-service"}
{"level":"info","message":"Get Questions.","service":"poll-service"}
{"level":"info","message":"Get Questions.","service":"poll-service"}
{"level":"info","message":"The Poll data created successfully!","service":"poll-service"}
{"level":"info","message":"Get Questions.","service":"poll-service"}
{"level":"info","message":"Get Questions.","service":"poll-service"}
{"level":"info","message":"Get Questions.","service":"poll-service"}
{"level":"info","message":"Get Questions.","service":"poll-service"}
{"level":"info","message":"Get Questions.","service":"poll-service"}
{"level":"info","message":"Get Questions.","service":"poll-service"}
{"level":"info","message":"Get Questions.","service":"poll-service"}
{"level":"info","message":"Get Questions.","service":"poll-service"}
{"level":"info","message":"Get Questions.","service":"poll-service"}
{"level":"info","message":"Get Questions.","service":"poll-service"}
{"level":"info","message":"Get Questions.","service":"poll-service"}
{"level":"info","message":"Get Questions.","service":"poll-service"}
{"level":"info","message":"Get Questions.","service":"poll-service"}
{"level":"info","message":"Get Questions.","service":"poll-service"}
{"level":"info","message":"Get Questions.","service":"poll-service"}
{"level":"info","message":"Get Questions.","service":"poll-service"}
{"level":"info","message":"Get Questions.","service":"poll-service"}
{"level":"info","message":"Get Questions.","service":"poll-service"}
{"level":"info","message":"Get Questions.","service":"poll-service"}
{"level":"info","message":"Get Questions.","service":"poll-service"}
{"level":"info","message":"Get Questions.","service":"poll-service"}
{"level":"info","message":"Get Questions.","service":"poll-service"}
{"level":"info","message":"Get Questions.","service":"poll-service"}
{"level":"info","message":"Get Questions.","service":"poll-service"}
{"level":"info","message":"👓 Connected to DB","service":"poll-service"}
{"level":"info","message":"👓 Connected to DB","service":"poll-service"}
{"level":"info","message":"Get Questions.","service":"poll-service"}
{"level":"info","message":"Get Questions.","service":"poll-service"}
{"level":"info","message":"Get Questions.","service":"poll-service"}
{"level":"info","message":"Get Questions.","service":"poll-service"}
{"level":"info","message":"Get My Information","service":"poll-service"}
{"level":"info","message":"Get Questions.","service":"poll-service"}
{"level":"info","message":"Get Questions.","service":"poll-service"}
{"level":"info","message":"Get Questions.","service":"poll-service"}
{"level":"info","message":"Get My Information","service":"poll-service"}
{"level":"info","message":"Get Questions.","service":"poll-service"}
{"level":"info","message":"Get Questions.","service":"poll-service"}
{"level":"info","message":"Get My Information","service":"poll-service"}
{"level":"info","message":"Get Questions.","service":"poll-service"}
{"level":"info","message":"Get Questions.","service":"poll-service"}
{"level":"info","message":"Get My Information","service":"poll-service"}
{"level":"info","message":"Get Questions.","service":"poll-service"}
{"level":"info","message":"Get Questions.","service":"poll-service"}
{"level":"info","message":"Get My Information","service":"poll-service"}
{"level":"info","message":"Get Questions.","service":"poll-service"}
{"level":"info","message":"Get Questions.","service":"poll-service"}
{"level":"info","message":"Get My Information","service":"poll-service"}
{"level":"info","message":"Get Questions.","service":"poll-service"}
{"level":"info","message":"Get My Information","service":"poll-service"}
{"level":"info","message":"Get Questions.","service":"poll-service"}
{"level":"info","message":"Get Questions.","service":"poll-service"}
{"level":"info","message":"Get My Information","service":"poll-service"}
{"level":"info","message":"Get Questions.","service":"poll-service"}
{"level":"info","message":"Get Questions.","service":"poll-service"}
{"level":"info","message":"Get My Information","service":"poll-service"}
{"level":"info","message":"Get Questions.","service":"poll-service"}
{"level":"info","message":"Get Questions.","service":"poll-service"}
{"level":"info","message":"Get My Information","service":"poll-service"}
{"level":"info","message":"Get Questions.","service":"poll-service"}
{"level":"info","message":"Get Questions.","service":"poll-service"}
{"level":"info","message":"Get My Information","service":"poll-service"}
{"level":"info","message":"Get Questions.","service":"poll-service"}
{"level":"info","message":"Get My Information","service":"poll-service"}
{"level":"info","message":"Get Questions.","service":"poll-service"}
{"level":"info","message":"Get My Information","service":"poll-service"}
{"level":"info","message":"Get Questions.","service":"poll-service"}
{"level":"info","message":"Get My Information","service":"poll-service"}
{"level":"info","message":"Get Questions.","service":"poll-service"}
{"level":"info","message":"Get My Information","service":"poll-service"}
{"level":"info","message":"Get Questions.","service":"poll-service"}
{"level":"info","message":"Get My Information","service":"poll-service"}
{"level":"info","message":"Get Questions.","service":"poll-service"}
{"level":"info","message":"Get My Information","service":"poll-service"}
{"level":"info","message":"Get My Information","service":"poll-service"}
{"level":"info","message":"Get My Information","service":"poll-service"}
{"level":"info","message":"Get My Information","service":"poll-service"}
{"level":"info","message":"Get Questions.","service":"poll-service"}
{"level":"info","message":"Get My Information","service":"poll-service"}
{"level":"info","message":"Get Questions.","service":"poll-service"}
{"level":"info","message":"Get My Information","service":"poll-service"}
{"level":"info","message":"Get Questions.","service":"poll-service"}
{"level":"info","message":"Get My Information","service":"poll-service"}
{"level":"info","message":"Get Questions.","service":"poll-service"}
{"level":"info","message":"Get My Information","service":"poll-service"}
{"level":"info","message":"Get Questions.","service":"poll-service"}
{"level":"info","message":"Get My Information","service":"poll-service"}
{"level":"info","message":"Get Questions.","service":"poll-service"}
{"level":"info","message":"Get My Information","service":"poll-service"}
{"level":"info","message":"Get Questions.","service":"poll-service"}
{"level":"info","message":"Get Questions.","service":"poll-service"}
{"level":"info","message":"Get Questions.","service":"poll-service"}
{"level":"info","message":"Get My Information","service":"poll-service"}
{"level":"info","message":"Get Questions.","service":"poll-service"}
{"level":"info","message":"Get Questions.","service":"poll-service"}
{"level":"info","message":"Get Questions.","service":"poll-service"}
{"level":"info","message":"Get Questions.","service":"poll-service"}
{"level":"info","message":"Get Questions.","service":"poll-service"}
{"level":"info","message":"Get My Information","service":"poll-service"}
{"level":"info","message":"Get Questions.","service":"poll-service"}
{"level":"info","message":"Get Questions.","service":"poll-service"}
{"level":"info","message":"Get Questions.","service":"poll-service"}
{"level":"info","message":"Get My Information","service":"poll-service"}
{"level":"info","message":"Get Questions.","service":"poll-service"}
{"level":"info","message":"Get Questions.","service":"poll-service"}
{"level":"info","message":"Get Questions.","service":"poll-service"}
{"level":"info","message":"Get Questions.","service":"poll-service"}
{"level":"info","message":"Get My Information","service":"poll-service"}
{"level":"info","message":"Get Questions.","service":"poll-service"}
{"level":"info","message":"Get Questions.","service":"poll-service"}
{"level":"info","message":"Get Questions.","service":"poll-service"}
{"level":"info","message":"Get Questions.","service":"poll-service"}
{"level":"info","message":"Get Questions.","service":"poll-service"}
{"level":"info","message":"Get Questions.","service":"poll-service"}
{"level":"info","message":"Get Questions.","service":"poll-service"}
{"level":"info","message":"Get My Information","service":"poll-service"}
{"level":"info","message":"Get Questions.","service":"poll-service"}
{"level":"info","message":"Get Questions.","service":"poll-service"}
{"level":"info","message":"Get Questions.","service":"poll-service"}
{"level":"info","message":"The Poll data created successfully!","service":"poll-service"}
{"level":"info","message":"Get My Information","service":"poll-service"}
{"level":"info","message":"Get Questions.","service":"poll-service"}
{"level":"info","message":"Get My Information","service":"poll-service"}
{"level":"info","message":"Get Questions.","service":"poll-service"}
{"level":"info","message":"Get Questions.","service":"poll-service"}
{"level":"info","message":"Get Questions.","service":"poll-service"}
{"level":"info","message":"Get Questions.","service":"poll-service"}
{"level":"info","message":"👓 Connected to DB","service":"poll-service"}
{"level":"info","message":"👓 Connected to DB","service":"poll-service"}
{"level":"info","message":"👓 Connected to DB","service":"poll-service"}
{"level":"info","message":"👓 Connected to DB","service":"poll-service"}
{"level":"info","message":"👓 Connected to DB","service":"poll-service"}
{"level":"info","message":"👓 Connected to DB","service":"poll-service"}
{"level":"info","message":"👓 Connected to DB","service":"poll-service"}
{"level":"info","message":"Get Questions.","service":"poll-service"}
{"level":"info","message":"👓 Connected to DB","service":"poll-service"}
{"level":"info","message":"👓 Connected to DB","service":"poll-service"}
{"level":"info","message":"👓 Connected to DB","service":"poll-service"}
{"level":"info","message":"👓 Connected to DB","service":"poll-service"}
{"level":"info","message":"👓 Connected to DB","service":"poll-service"}
{"level":"info","message":"👓 Connected to DB","service":"poll-service"}
{"level":"info","message":"User successfully registered.","service":"poll-service"}
{"level":"info","message":"User successfully registered.","service":"poll-service"}
{"level":"info","message":"User successfully registered.","service":"poll-service"}
{"level":"info","message":"Get My Information","service":"poll-service"}
{"level":"info","message":"Get Questions.","service":"poll-service"}
{"level":"info","message":"The Poll data created successfully!","service":"poll-service"}
{"level":"info","message":"Get My Information","service":"poll-service"}
{"level":"info","message":"Get Questions.","service":"poll-service"}
{"level":"info","message":"The Poll data created successfully!","service":"poll-service"}
{"level":"info","message":"👓 Connected to DB","service":"poll-service"}
{"level":"info","message":"👓 Connected to DB","service":"poll-service"}
{"level":"info","message":"👓 Connected to DB","service":"poll-service"}
{"level":"info","message":"👓 Connected to DB","service":"poll-service"}
{"level":"info","message":"👓 Connected to DB","service":"poll-service"}
{"level":"info","message":"Get Questions.","service":"poll-service"}
{"level":"info","message":"The Poll data created successfully!","service":"poll-service"}
{"level":"info","message":"Get Questions.","service":"poll-service"}
{"level":"info","message":"👓 Connected to DB","service":"poll-service"}
{"level":"info","message":"👓 Connected to DB","service":"poll-service"}
{"level":"info","message":"👓 Connected to DB","service":"poll-service"}
{"level":"info","message":"👓 Connected to DB","service":"poll-service"}
{"level":"info","message":"👓 Connected to DB","service":"poll-service"}
{"level":"info","message":"👓 Connected to DB","service":"poll-service"}
{"level":"info","message":"👓 Connected to DB","service":"poll-service"}
{"level":"info","message":"👓 Connected to DB","service":"poll-service"}
{"level":"info","message":"👓 Connected to DB","service":"poll-service"}
{"level":"info","message":"👓 Connected to DB","service":"poll-service"}
{"level":"info","message":"👓 Connected to DB","service":"poll-service"}
{"level":"info","message":"👓 Connected to DB","service":"poll-service"}
{"level":"info","message":"👓 Connected to DB","service":"poll-service"}
{"level":"info","message":"👓 Connected to DB","service":"poll-service"}
{"level":"info","message":"👓 Connected to DB","service":"poll-service"}
{"level":"info","message":"👓 Connected to DB","service":"poll-service"}
{"level":"info","message":"👓 Connected to DB","service":"poll-service"}
{"level":"info","message":"👓 Connected to DB","service":"poll-service"}
{"level":"info","message":"👓 Connected to DB","service":"poll-service"}
{"level":"info","message":"👓 Connected to DB","service":"poll-service"}
{"level":"info","message":"👓 Connected to DB","service":"poll-service"}
{"level":"info","message":"👓 Connected to DB","service":"poll-service"}
{"level":"info","message":"👓 Connected to DB","service":"poll-service"}
{"level":"info","message":"👓 Connected to DB","service":"poll-service"}
{"level":"info","message":"👓 Connected to DB","service":"poll-service"}
{"level":"info","message":"👓 Connected to DB","service":"poll-service"}
{"level":"info","message":"👓 Connected to DB","service":"poll-service"}
{"level":"info","message":"User successfully registered.","service":"poll-service"}
{"level":"info","message":"👓 Connected to DB","service":"poll-service"}
{"level":"info","message":"👓 Connected to DB","service":"poll-service"}
{"level":"info","message":"👓 Connected to DB","service":"poll-service"}
{"level":"info","message":"👓 Connected to DB","service":"poll-service"}
{"level":"info","message":"👓 Connected to DB","service":"poll-service"}
{"level":"info","message":"👓 Connected to DB","service":"poll-service"}
{"level":"info","message":"👓 Connected to DB","service":"poll-service"}
{"level":"info","message":"👓 Connected to DB","service":"poll-service"}
{"level":"info","message":"👓 Connected to DB","service":"poll-service"}
{"level":"info","message":"👓 Connected to DB","service":"poll-service"}
{"level":"info","message":"👓 Connected to DB","service":"poll-service"}
{"level":"info","message":"Get all Users","service":"poll-service"}
{"level":"info","message":"👓 Connected to DB","service":"poll-service"}
{"level":"info","message":"👓 Connected to DB","service":"poll-service"}
{"level":"info","message":"👓 Connected to DB","service":"poll-service"}
{"level":"info","message":"Get all Users","service":"poll-service"}
{"level":"info","message":"👓 Connected to DB","service":"poll-service"}
{"level":"info","message":"Get all Users","service":"poll-service"}
{"level":"info","message":"👓 Connected to DB","service":"poll-service"}
{"level":"info","message":"Get all Users","service":"poll-service"}
{"level":"info","message":"👓 Connected to DB","service":"poll-service"}
{"level":"info","message":"Get all Users","service":"poll-service"}
{"level":"info","message":"👓 Connected to DB","service":"poll-service"}
{"level":"info","message":"Get all Users","service":"poll-service"}
{"level":"info","message":"👓 Connected to DB","service":"poll-service"}
{"level":"info","message":"👓 Connected to DB","service":"poll-service"}
{"level":"info","message":"Get all Users","service":"poll-service"}
{"level":"info","message":"👓 Connected to DB","service":"poll-service"}
{"level":"info","message":"Get all Users","service":"poll-service"}
{"level":"info","message":"👓 Connected to DB","service":"poll-service"}
{"level":"info","message":"Get all Users","service":"poll-service"}
{"level":"info","message":"👓 Connected to DB","service":"poll-service"}
{"level":"info","message":"Get all Users","service":"poll-service"}
{"level":"info","message":"👓 Connected to DB","service":"poll-service"}
{"level":"info","message":"Get all Users","service":"poll-service"}
{"level":"info","message":"👓 Connected to DB","service":"poll-service"}
{"level":"info","message":"Get all Users","service":"poll-service"}
{"level":"info","message":"👓 Connected to DB","service":"poll-service"}
{"level":"info","message":"👓 Connected to DB","service":"poll-service"}
{"level":"info","message":"Get all Users","service":"poll-service"}
{"level":"info","message":"👓 Connected to DB","service":"poll-service"}
{"level":"info","message":"Get all Users","service":"poll-service"}
{"level":"info","message":"👓 Connected to DB","service":"poll-service"}
{"level":"info","message":"👓 Connected to DB","service":"poll-service"}
{"level":"info","message":"👓 Connected to DB","service":"poll-service"}
{"level":"info","message":"Get all Users","service":"poll-service"}
{"level":"info","message":"👓 Connected to DB","service":"poll-service"}
{"level":"info","message":"👓 Connected to DB","service":"poll-service"}
{"level":"info","message":"👓 Connected to DB","service":"poll-service"}
{"level":"info","message":"Get all Users","service":"poll-service"}
{"level":"info","message":"👓 Connected to DB","service":"poll-service"}
{"level":"info","message":"👓 Connected to DB","service":"poll-service"}
{"level":"info","message":"👓 Connected to DB","service":"poll-service"}
{"level":"info","message":"👓 Connected to DB","service":"poll-service"}
{"level":"info","message":"Get all Users","service":"poll-service"}
{"level":"info","message":"👓 Connected to DB","service":"poll-service"}
{"level":"info","message":"👓 Connected to DB","service":"poll-service"}
{"level":"info","message":"Get all Users","service":"poll-service"}
{"level":"info","message":"👓 Connected to DB","service":"poll-service"}
{"level":"info","message":"Get all Users","service":"poll-service"}
{"level":"info","message":"👓 Connected to DB","service":"poll-service"}
{"level":"info","message":"Get all Users","service":"poll-service"}
{"level":"info","message":"👓 Connected to DB","service":"poll-service"}
{"level":"info","message":"👓 Connected to DB","service":"poll-service"}
{"level":"info","message":"👓 Connected to DB","service":"poll-service"}
{"level":"info","message":"Get all Users","service":"poll-service"}
{"level":"info","message":"👓 Connected to DB","service":"poll-service"}
{"level":"info","message":"Get all Users","service":"poll-service"}
{"level":"info","message":"👓 Connected to DB","service":"poll-service"}
{"level":"info","message":"Get all Users","service":"poll-service"}
{"level":"info","message":"👓 Connected to DB","service":"poll-service"}
{"level":"info","message":"Get all Users","service":"poll-service"}
{"level":"info","message":"👓 Connected to DB","service":"poll-service"}
{"level":"info","message":"👓 Connected to DB","service":"poll-service"}
{"level":"info","message":"👓 Connected to DB","service":"poll-service"}
{"level":"info","message":"Get all Users","service":"poll-service"}
{"level":"info","message":"👓 Connected to DB","service":"poll-service"}
{"level":"info","message":"👓 Connected to DB","service":"poll-service"}
{"level":"info","message":"Get all Users","service":"poll-service"}
{"level":"info","message":"👓 Connected to DB","service":"poll-service"}
{"level":"info","message":"👓 Connected to DB","service":"poll-service"}
{"level":"info","message":"👓 Connected to DB","service":"poll-service"}
{"level":"info","message":"👓 Connected to DB","service":"poll-service"}
{"level":"info","message":"👓 Connected to DB","service":"poll-service"}
{"level":"info","message":"Get Questions.","service":"poll-service"}
{"level":"info","message":"Get all Users","service":"poll-service"}
{"level":"info","message":"👓 Connected to DB","service":"poll-service"}
{"level":"info","message":"Get Questions.","service":"poll-service"}
{"level":"info","message":"Get all Users","service":"poll-service"}
{"level":"info","message":"👓 Connected to DB","service":"poll-service"}
{"level":"info","message":"👓 Connected to DB","service":"poll-service"}
{"level":"info","message":"👓 Connected to DB","service":"poll-service"}
{"level":"info","message":"👓 Connected to DB","service":"poll-service"}
{"level":"info","message":"Get Questions.","service":"poll-service"}
{"level":"info","message":"Get all Users","service":"poll-service"}
{"level":"info","message":"👓 Connected to DB","service":"poll-service"}
{"level":"info","message":"Get Questions.","service":"poll-service"}
{"level":"info","message":"Get all Users","service":"poll-service"}
{"level":"info","message":"👓 Connected to DB","service":"poll-service"}
{"level":"info","message":"👓 Connected to DB","service":"poll-service"}
{"level":"info","message":"Get Questions.","service":"poll-service"}
{"level":"info","message":"Get all Users","service":"poll-service"}
{"level":"info","message":"Get Questions.","service":"poll-service"}
{"level":"info","message":"Get all Users","service":"poll-service"}
{"level":"info","message":"Get My Information","service":"poll-service"}
{"level":"info","message":"Get Questions.","service":"poll-service"}
{"level":"info","message":"Get Questions.","service":"poll-service"}
{"level":"info","message":"Get Questions.","service":"poll-service"}
{"level":"info","message":"👓 Connected to DB","service":"poll-service"}
{"level":"info","message":"Get Questions.","service":"poll-service"}
{"level":"info","message":"Get all Users","service":"poll-service"}
{"level":"info","message":"👓 Connected to DB","service":"poll-service"}
{"level":"info","message":"Get Questions.","service":"poll-service"}
{"level":"info","message":"Get all Users","service":"poll-service"}
